
*** Running vivado
    with args -log JK_ff.vdi -applog -m64 -product Vivado -messageDb vivado.pb -mode batch -source JK_ff.tcl -notrace


****** Vivado v2018.3 (64-bit)
  **** SW Build 2405991 on Thu Dec  6 23:38:27 MST 2018
  **** IP Build 2404404 on Fri Dec  7 01:43:56 MST 2018
    ** Copyright 1986-2018 Xilinx, Inc. All Rights Reserved.

source JK_ff.tcl -notrace
Command: open_checkpoint D:/jkff/jkff.runs/impl_1/JK_ff.dcp

Starting open_checkpoint Task

Time (s): cpu = 00:00:00 ; elapsed = 00:00:00.056 . Memory (MB): peak = 243.129 ; gain = 0.000
INFO: [Netlist 29-17] Analyzing 7 Unisim elements for replacement
INFO: [Netlist 29-28] Unisim Transformation completed in 0 CPU seconds
INFO: [Project 1-479] Netlist was created with Vivado 2018.3
INFO: [Device 21-403] Loading part xc7a35tcpg236-1
INFO: [Project 1-570] Preparing netlist for logic optimization
INFO: [Timing 38-478] Restoring timing data from binary archive.
INFO: [Timing 38-479] Binary timing data restore complete.
INFO: [Project 1-856] Restoring constraints from binary archive.
INFO: [Project 1-853] Binary constraint restore complete.
Reading XDEF placement.
Reading placer database...
Reading XDEF routing.
Read XDEF File: Time (s): cpu = 00:00:00 ; elapsed = 00:00:00.221 . Memory (MB): peak = 1119.215 ; gain = 0.000
Restored from archive | CPU: 0.000000 secs | Memory: 0.000000 MB |
Finished XDEF File Restore: Time (s): cpu = 00:00:00 ; elapsed = 00:00:00.229 . Memory (MB): peak = 1119.215 ; gain = 0.000
Netlist sorting complete. Time (s): cpu = 00:00:00 ; elapsed = 00:00:00 . Memory (MB): peak = 1119.215 ; gain = 0.000
INFO: [Project 1-111] Unisim Transformation Summary:
No Unisim elements were transformed.

INFO: [Project 1-604] Checkpoint was created with Vivado v2018.3 (64-bit) build 2405991
open_checkpoint: Time (s): cpu = 00:00:10 ; elapsed = 00:00:20 . Memory (MB): peak = 1119.215 ; gain = 876.086
Command: opt_design
Attempting to get a license for feature 'Implementation' and/or device 'xc7a35t'
INFO: [Common 17-349] Got license for feature 'Implementation' and/or device 'xc7a35t'
Running DRC as a precondition to command opt_design

Starting DRC Task
INFO: [DRC 23-27] Running DRC with 2 threads
INFO: [Project 1-461] DRC finished with 0 Errors
INFO: [Project 1-462] Please refer to the DRC report (report_drc) for more information.

Time (s): cpu = 00:00:01 ; elapsed = 00:00:00.877 . Memory (MB): peak = 1119.215 ; gain = 0.000

Starting Cache Timing Information Task
INFO: [Timing 38-35] Done setting XDC timing constraints.
Ending Cache Timing Information Task | Checksum: faf29a98

Time (s): cpu = 00:00:00 ; elapsed = 00:00:00.257 . Memory (MB): peak = 1177.297 ; gain = 58.082

Starting Logic Optimization Task

Phase 1 Retarget
INFO: [Opt 31-138] Pushed 0 inverter(s) to 0 load pin(s).
INFO: [Opt 31-49] Retargeted 0 cell(s).
Phase 1 Retarget | Checksum: faf29a98

Time (s): cpu = 00:00:00 ; elapsed = 00:00:00.342 . Memory (MB): peak = 1256.992 ; gain = 0.000
INFO: [Opt 31-389] Phase Retarget created 0 cells and removed 0 cells

Phase 2 Constant propagation
INFO: [Opt 31-138] Pushed 0 inverter(s) to 0 load pin(s).
Phase 2 Constant propagation | Checksum: faf29a98

Time (s): cpu = 00:00:00 ; elapsed = 00:00:00.408 . Memory (MB): peak = 1256.992 ; gain = 0.000
INFO: [Opt 31-389] Phase Constant propagation created 0 cells and removed 0 cells

Phase 3 Sweep
Phase 3 Sweep | Checksum: 149bb3ea4

Time (s): cpu = 00:00:00 ; elapsed = 00:00:00.593 . Memory (MB): peak = 1256.992 ; gain = 0.000
INFO: [Opt 31-389] Phase Sweep created 0 cells and removed 0 cells

Phase 4 BUFG optimization
Phase 4 BUFG optimization | Checksum: 149bb3ea4

Time (s): cpu = 00:00:00 ; elapsed = 00:00:00.613 . Memory (MB): peak = 1256.992 ; gain = 0.000
INFO: [Opt 31-662] Phase BUFG optimization created 0 cells of which 0 are BUFGs and removed 0 cells.

Phase 5 Shift Register Optimization
Phase 5 Shift Register Optimization | Checksum: 1d31ad178

Time (s): cpu = 00:00:00 ; elapsed = 00:00:00.836 . Memory (MB): peak = 1256.992 ; gain = 0.000
INFO: [Opt 31-389] Phase Shift Register Optimization created 0 cells and removed 0 cells

Phase 6 Post Processing Netlist
Phase 6 Post Processing Netlist | Checksum: 1d31ad178

Time (s): cpu = 00:00:00 ; elapsed = 00:00:00.838 . Memory (MB): peak = 1256.992 ; gain = 0.000
INFO: [Opt 31-389] Phase Post Processing Netlist created 0 cells and removed 0 cells
Opt_design Change Summary
=========================


-------------------------------------------------------------------------------------------------------------------------
|  Phase                        |  #Cells created  |  #Cells Removed  |  #Constrained objects preventing optimizations  |
-------------------------------------------------------------------------------------------------------------------------
|  Retarget                     |               0  |               0  |                                              0  |
|  Constant propagation         |               0  |               0  |                                              0  |
|  Sweep                        |               0  |               0  |                                              0  |
|  BUFG optimization            |               0  |               0  |                                              0  |
|  Shift Register Optimization  |               0  |               0  |                                              0  |
|  Post Processing Netlist      |               0  |               0  |                                              0  |
-------------------------------------------------------------------------------------------------------------------------



Starting Connectivity Check Task

Time (s): cpu = 00:00:00 ; elapsed = 00:00:00.001 . Memory (MB): peak = 1256.992 ; gain = 0.000
Ending Logic Optimization Task | Checksum: 1d31ad178

Time (s): cpu = 00:00:00 ; elapsed = 00:00:00.841 . Memory (MB): peak = 1256.992 ; gain = 0.000

Starting Power Optimization Task
INFO: [Pwropt 34-132] Skipping clock gating for clocks with a period < 2.00 ns.
Ending Power Optimization Task | Checksum: 1d31ad178

Time (s): cpu = 00:00:00 ; elapsed = 00:00:00.083 . Memory (MB): peak = 1256.992 ; gain = 0.000

Starting Final Cleanup Task
Ending Final Cleanup Task | Checksum: 1d31ad178

Time (s): cpu = 00:00:00 ; elapsed = 00:00:00 . Memory (MB): peak = 1256.992 ; gain = 0.000

Starting Netlist Obfuscation Task
Netlist sorting complete. Time (s): cpu = 00:00:00 ; elapsed = 00:00:00.001 . Memory (MB): peak = 1256.992 ; gain = 0.000
Ending Netlist Obfuscation Task | Checksum: 1d31ad178

Time (s): cpu = 00:00:00 ; elapsed = 00:00:00.001 . Memory (MB): peak = 1256.992 ; gain = 0.000
INFO: [Common 17-83] Releasing license: Implementation
27 Infos, 0 Warnings, 0 Critical Warnings and 0 Errors encountered.
opt_design completed successfully
Netlist sorting complete. Time (s): cpu = 00:00:00 ; elapsed = 00:00:00 . Memory (MB): peak = 1256.992 ; gain = 0.000
INFO: [Timing 38-480] Writing timing data to binary archive.
Writing placer database...
Writing XDEF routing.
Writing XDEF routing logical nets.
Writing XDEF routing special nets.
Write XDEF Complete: Time (s): cpu = 00:00:00 ; elapsed = 00:00:00.034 . Memory (MB): peak = 1256.992 ; gain = 0.000
Netlist sorting complete. Time (s): cpu = 00:00:00 ; elapsed = 00:00:00 . Memory (MB): peak = 1256.992 ; gain = 0.000
INFO: [Common 17-1381] The checkpoint 'D:/jkff/jkff.runs/impl_1/JK_ff_opt.dcp' has been generated.
INFO: [runtcl-4] Executing : report_drc -file JK_ff_drc_opted.rpt -pb JK_ff_drc_opted.pb -rpx JK_ff_drc_opted.rpx
Command: report_drc -file JK_ff_drc_opted.rpt -pb JK_ff_drc_opted.pb -rpx JK_ff_drc_opted.rpx
INFO: [IP_Flow 19-234] Refreshing IP repositories
INFO: [IP_Flow 19-1704] No user IP repositories specified
INFO: [IP_Flow 19-2313] Loaded Vivado IP repository 'D:/xilinx/Vivado/2018.3/data/ip'.
INFO: [DRC 23-27] Running DRC with 2 threads
INFO: [Coretcl 2-168] The results of DRC are in file D:/jkff/jkff.runs/impl_1/JK_ff_drc_opted.rpt.
report_drc completed successfully
Command: place_design
Attempting to get a license for feature 'Implementation' and/or device 'xc7a35t'
INFO: [Common 17-349] Got license for feature 'Implementation' and/or device 'xc7a35t'
INFO: [DRC 23-27] Running DRC with 2 threads
INFO: [Vivado_Tcl 4-198] DRC finished with 0 Errors
INFO: [Vivado_Tcl 4-199] Please refer to the DRC report (report_drc) for more information.
Running DRC as a precondition to command place_design
INFO: [DRC 23-27] Running DRC with 2 threads
INFO: [Vivado_Tcl 4-198] DRC finished with 0 Errors
INFO: [Vivado_Tcl 4-199] Please refer to the DRC report (report_drc) for more information.

Starting Placer Task
INFO: [Place 30-611] Multithreading enabled for place_design using a maximum of 2 CPUs

Phase 1 Placer Initialization

Phase 1.1 Placer Initialization Netlist Sorting
Netlist sorting complete. Time (s): cpu = 00:00:00 ; elapsed = 00:00:00.001 . Memory (MB): peak = 1256.992 ; gain = 0.000
Phase 1.1 Placer Initialization Netlist Sorting | Checksum: e1e73189

Time (s): cpu = 00:00:00 ; elapsed = 00:00:00.141 . Memory (MB): peak = 1256.992 ; gain = 0.000
Netlist sorting complete. Time (s): cpu = 00:00:00 ; elapsed = 00:00:00 . Memory (MB): peak = 1256.992 ; gain = 0.000

Phase 1.2 IO Placement/ Clock Placement/ Build Placer Device
INFO: [Timing 38-35] Done setting XDC timing constraints.
Phase 1.2 IO Placement/ Clock Placement/ Build Placer Device | Checksum: f1bd208e

Time (s): cpu = 00:00:01 ; elapsed = 00:00:01 . Memory (MB): peak = 1273.723 ; gain = 16.730

Phase 1.3 Build Placer Netlist Model
Phase 1.3 Build Placer Netlist Model | Checksum: 10c2b6562

Time (s): cpu = 00:00:01 ; elapsed = 00:00:01 . Memory (MB): peak = 1273.770 ; gain = 16.777

Phase 1.4 Constrain Clocks/Macros
Phase 1.4 Constrain Clocks/Macros | Checksum: 10c2b6562

Time (s): cpu = 00:00:01 ; elapsed = 00:00:01 . Memory (MB): peak = 1273.770 ; gain = 16.777
Phase 1 Placer Initialization | Checksum: 10c2b6562

Time (s): cpu = 00:00:01 ; elapsed = 00:00:02 . Memory (MB): peak = 1273.770 ; gain = 16.777

Phase 2 Global Placement

Phase 2.1 Floorplanning
Phase 2.1 Floorplanning | Checksum: 10c2b6562

Time (s): cpu = 00:00:01 ; elapsed = 00:00:02 . Memory (MB): peak = 1273.770 ; gain = 16.777
WARNING: [Place 46-29] place_design is not in timing mode. Skip physical synthesis in placer
Phase 2 Global Placement | Checksum: 1b919d7d0

Time (s): cpu = 00:00:01 ; elapsed = 00:00:02 . Memory (MB): peak = 1276.594 ; gain = 19.602

Phase 3 Detail Placement

Phase 3.1 Commit Multi Column Macros
Phase 3.1 Commit Multi Column Macros | Checksum: 1b919d7d0

Time (s): cpu = 00:00:01 ; elapsed = 00:00:02 . Memory (MB): peak = 1276.594 ; gain = 19.602

Phase 3.2 Commit Most Macros & LUTRAMs
Phase 3.2 Commit Most Macros & LUTRAMs | Checksum: 1ed491047

Time (s): cpu = 00:00:01 ; elapsed = 00:00:02 . Memory (MB): peak = 1276.594 ; gain = 19.602

Phase 3.3 Area Swap Optimization
Phase 3.3 Area Swap Optimization | Checksum: 1a78d0eb4

Time (s): cpu = 00:00:01 ; elapsed = 00:00:02 . Memory (MB): peak = 1276.594 ; gain = 19.602

Phase 3.4 Pipeline Register Optimization
Phase 3.4 Pipeline Register Optimization | Checksum: 1a78d0eb4

Time (s): cpu = 00:00:01 ; elapsed = 00:00:02 . Memory (MB): peak = 1276.594 ; gain = 19.602

Phase 3.5 Small Shape Detail Placement
Phase 3.5 Small Shape Detail Placement | Checksum: fe3007b8

Time (s): cpu = 00:00:01 ; elapsed = 00:00:02 . Memory (MB): peak = 1280.777 ; gain = 23.785

Phase 3.6 Re-assign LUT pins
Phase 3.6 Re-assign LUT pins | Checksum: fe3007b8

Time (s): cpu = 00:00:01 ; elapsed = 00:00:02 . Memory (MB): peak = 1280.777 ; gain = 23.785

Phase 3.7 Pipeline Register Optimization
Phase 3.7 Pipeline Register Optimization | Checksum: fe3007b8

Time (s): cpu = 00:00:01 ; elapsed = 00:00:02 . Memory (MB): peak = 1280.777 ; gain = 23.785
Phase 3 Detail Placement | Checksum: fe3007b8

Time (s): cpu = 00:00:01 ; elapsed = 00:00:02 . Memory (MB): peak = 1280.777 ; gain = 23.785

Phase 4 Post Placement Optimization and Clean-Up

Phase 4.1 Post Commit Optimization
Phase 4.1 Post Commit Optimization | Checksum: fe3007b8

Time (s): cpu = 00:00:01 ; elapsed = 00:00:02 . Memory (MB): peak = 1280.777 ; gain = 23.785

Phase 4.2 Post Placement Cleanup
Phase 4.2 Post Placement Cleanup | Checksum: fe3007b8

Time (s): cpu = 00:00:01 ; elapsed = 00:00:02 . Memory (MB): peak = 1280.777 ; gain = 23.785

Phase 4.3 Placer Reporting
Phase 4.3 Placer Reporting | Checksum: fe3007b8

Time (s): cpu = 00:00:01 ; elapsed = 00:00:02 . Memory (MB): peak = 1280.777 ; gain = 23.785

Phase 4.4 Final Placement Cleanup
Netlist sorting complete. Time (s): cpu = 00:00:00 ; elapsed = 00:00:00 . Memory (MB): peak = 1280.777 ; gain = 0.000
Phase 4.4 Final Placement Cleanup | Checksum: 1c83fef9e

Time (s): cpu = 00:00:01 ; elapsed = 00:00:02 . Memory (MB): peak = 1280.777 ; gain = 23.785
Phase 4 Post Placement Optimization and Clean-Up | Checksum: 1c83fef9e

Time (s): cpu = 00:00:01 ; elapsed = 00:00:02 . Memory (MB): peak = 1280.777 ; gain = 23.785
Ending Placer Task | Checksum: 1a03d2810

Time (s): cpu = 00:00:01 ; elapsed = 00:00:02 . Memory (MB): peak = 1280.777 ; gain = 23.785
INFO: [Common 17-83] Releasing license: Implementation
45 Infos, 1 Warnings, 0 Critical Warnings and 0 Errors encountered.
place_design completed successfully
Netlist sorting complete. Time (s): cpu = 00:00:00 ; elapsed = 00:00:00 . Memory (MB): peak = 1280.777 ; gain = 0.000
INFO: [Timing 38-480] Writing timing data to binary archive.
Writing placer database...
Writing XDEF routing.
Writing XDEF routing logical nets.
Writing XDEF routing special nets.
Write XDEF Complete: Time (s): cpu = 00:00:00 ; elapsed = 00:00:00.036 . Memory (MB): peak = 1282.188 ; gain = 1.410
Netlist sorting complete. Time (s): cpu = 00:00:00 ; elapsed = 00:00:00 . Memory (MB): peak = 1287.199 ; gain = 0.000
INFO: [Common 17-1381] The checkpoint 'D:/jkff/jkff.runs/impl_1/JK_ff_placed.dcp' has been generated.
INFO: [runtcl-4] Executing : report_io -file JK_ff_io_placed.rpt
report_io: Time (s): cpu = 00:00:00 ; elapsed = 00:00:00.191 . Memory (MB): peak = 1288.035 ; gain = 0.000
INFO: [runtcl-4] Executing : report_utilization -file JK_ff_utilization_placed.rpt -pb JK_ff_utilization_placed.pb
INFO: [runtcl-4] Executing : report_control_sets -verbose -file JK_ff_control_sets_placed.rpt
report_control_sets: Time (s): cpu = 00:00:00 ; elapsed = 00:00:00.019 . Memory (MB): peak = 1288.035 ; gain = 0.000
Command: route_design
Attempting to get a license for feature 'Implementation' and/or device 'xc7a35t'
INFO: [Common 17-349] Got license for feature 'Implementation' and/or device 'xc7a35t'
Running DRC as a precondition to command route_design
INFO: [DRC 23-27] Running DRC with 2 threads
INFO: [Vivado_Tcl 4-198] DRC finished with 0 Errors
INFO: [Vivado_Tcl 4-199] Please refer to the DRC report (report_drc) for more information.


Starting Routing Task
INFO: [Route 35-254] Multithreading enabled for route_design using a maximum of 2 CPUs
Checksum: PlaceDB: a9b671ed ConstDB: 0 ShapeSum: f686b623 RouteDB: 0

Phase 1 Build RT Design
Phase 1 Build RT Design | Checksum: b869190f

Time (s): cpu = 00:00:16 ; elapsed = 00:00:22 . Memory (MB): peak = 1406.352 ; gain = 118.316
Post Restoration Checksum: NetGraph: 15d89dd2 NumContArr: a2907b3d Constraints: 0 Timing: 0

Phase 2 Router Initialization
INFO: [Route 35-64] No timing constraints were detected. The router will operate in resource-optimization mode.

Phase 2.1 Fix Topology Constraints
Phase 2.1 Fix Topology Constraints | Checksum: b869190f

Time (s): cpu = 00:00:16 ; elapsed = 00:00:22 . Memory (MB): peak = 1412.359 ; gain = 124.324

Phase 2.2 Pre Route Cleanup
Phase 2.2 Pre Route Cleanup | Checksum: b869190f

Time (s): cpu = 00:00:16 ; elapsed = 00:00:22 . Memory (MB): peak = 1412.359 ; gain = 124.324
 Number of Nodes with overlaps = 0
Phase 2 Router Initialization | Checksum: 95b3d4a2

Time (s): cpu = 00:00:16 ; elapsed = 00:00:22 . Memory (MB): peak = 1415.488 ; gain = 127.453

Phase 3 Initial Routing
Phase 3 Initial Routing | Checksum: 1050b2f97

Time (s): cpu = 00:00:17 ; elapsed = 00:00:23 . Memory (MB): peak = 1415.488 ; gain = 127.453

Phase 4 Rip-up And Reroute

Phase 4.1 Global Iteration 0
 Number of Nodes with overlaps = 0
Phase 4.1 Global Iteration 0 | Checksum: 86c98310

Time (s): cpu = 00:00:17 ; elapsed = 00:00:23 . Memory (MB): peak = 1415.488 ; gain = 127.453
Phase 4 Rip-up And Reroute | Checksum: 86c98310

Time (s): cpu = 00:00:17 ; elapsed = 00:00:23 . Memory (MB): peak = 1415.488 ; gain = 127.453

Phase 5 Delay and Skew Optimization
Phase 5 Delay and Skew Optimization | Checksum: 86c98310

Time (s): cpu = 00:00:17 ; elapsed = 00:00:23 . Memory (MB): peak = 1415.488 ; gain = 127.453

Phase 6 Post Hold Fix

Phase 6.1 Hold Fix Iter
Phase 6.1 Hold Fix Iter | Checksum: 86c98310

Time (s): cpu = 00:00:17 ; elapsed = 00:00:23 . Memory (MB): peak = 1415.488 ; gain = 127.453
Phase 6 Post Hold Fix | Checksum: 86c98310

Time (s): cpu = 00:00:17 ; elapsed = 00:00:23 . Memory (MB): peak = 1415.488 ; gain = 127.453

Phase 7 Route finalize

Router Utilization Summary
  Global Vertical Routing Utilization    = 0.00414574 %
  Global Horizontal Routing Utilization  = 0.00104112 %
  Routable Net Status*
  *Does not include unroutable nets such as driverless and loadless.
  Run report_route_status for detailed report.
  Number of Failed Nets               = 0
  Number of Unrouted Nets             = 0
  Number of Partially Routed Nets     = 0
  Number of Node Overlaps             = 0

Congestion Report
North Dir 1x1 Area, Max Cong = 6.30631%, No Congested Regions.
South Dir 1x1 Area, Max Cong = 5.40541%, No Congested Regions.
East Dir 1x1 Area, Max Cong = 2.94118%, No Congested Regions.
West Dir 1x1 Area, Max Cong = 2.94118%, No Congested Regions.

------------------------------
Reporting congestion hotspots
------------------------------
Direction: North
----------------
Congested clusters found at Level 0
Effective congestion level: 0 Aspect Ratio: 1 Sparse Ratio: 0
Direction: South
----------------
Congested clusters found at Level 0
Effective congestion level: 0 Aspect Ratio: 1 Sparse Ratio: 0
Direction: East
----------------
Congested clusters found at Level 0
Effective congestion level: 0 Aspect Ratio: 1 Sparse Ratio: 0
Direction: West
----------------
Congested clusters found at Level 0
Effective congestion level: 0 Aspect Ratio: 1 Sparse Ratio: 0

Phase 7 Route finalize | Checksum: 86c98310

Time (s): cpu = 00:00:17 ; elapsed = 00:00:23 . Memory (MB): peak = 1415.488 ; gain = 127.453

Phase 8 Verifying routed nets

 Verification completed successfully
Phase 8 Verifying routed nets | Checksum: 86c98310

Time (s): cpu = 00:00:17 ; elapsed = 00:00:23 . Memory (MB): peak = 1417.465 ; gain = 129.430

Phase 9 Depositing Routes
Phase 9 Depositing Routes | Checksum: 4fcf8cb8

Time (s): cpu = 00:00:17 ; elapsed = 00:00:23 . Memory (MB): peak = 1417.465 ; gain = 129.430
INFO: [Route 35-16] Router Completed Successfully

Time (s): cpu = 00:00:17 ; elapsed = 00:00:23 . Memory (MB): peak = 1417.465 ; gain = 129.430

Routing Is Done.
INFO: [Common 17-83] Releasing license: Implementation
58 Infos, 1 Warnings, 0 Critical Warnings and 0 Errors encountered.
route_design completed successfully
route_design: Time (s): cpu = 00:00:18 ; elapsed = 00:00:24 . Memory (MB): peak = 1417.465 ; gain = 129.430
Netlist sorting complete. Time (s): cpu = 00:00:00 ; elapsed = 00:00:00.001 . Memory (MB): peak = 1417.465 ; gain = 0.000
INFO: [Timing 38-480] Writing timing data to binary archive.
Writing placer database...
Writing XDEF routing.
Writing XDEF routing logical nets.
Writing XDEF routing special nets.
Write XDEF Complete: Time (s): cpu = 00:00:00 ; elapsed = 00:00:00.125 . Memory (MB): peak = 1417.465 ; gain = 0.000
Netlist sorting complete. Time (s): cpu = 00:00:00 ; elapsed = 00:00:00 . Memory (MB): peak = 1417.465 ; gain = 0.000
INFO: [Common 17-1381] The checkpoint 'D:/jkff/jkff.runs/impl_1/JK_ff_routed.dcp' has been generated.
INFO: [runtcl-4] Executing : report_drc -file JK_ff_drc_routed.rpt -pb JK_ff_drc_routed.pb -rpx JK_ff_drc_routed.rpx
Command: report_drc -file JK_ff_drc_routed.rpt -pb JK_ff_drc_routed.pb -rpx JK_ff_drc_routed.rpx
INFO: [IP_Flow 19-1839] IP Catalog is up to date.
INFO: [DRC 23-27] Running DRC with 2 threads
INFO: [Coretcl 2-168] The results of DRC are in file D:/jkff/jkff.runs/impl_1/JK_ff_drc_routed.rpt.
report_drc completed successfully
INFO: [runtcl-4] Executing : report_methodology -file JK_ff_methodology_drc_routed.rpt -pb JK_ff_methodology_drc_routed.pb -rpx JK_ff_methodology_drc_routed.rpx
Command: report_methodology -file JK_ff_methodology_drc_routed.rpt -pb JK_ff_methodology_drc_routed.pb -rpx JK_ff_methodology_drc_routed.rpx
INFO: [Timing 38-35] Done setting XDC timing constraints.
INFO: [DRC 23-133] Running Methodology with 2 threads
INFO: [Coretcl 2-1520] The results of Report Methodology are in file D:/jkff/jkff.runs/impl_1/JK_ff_methodology_drc_routed.rpt.
report_methodology completed successfully
INFO: [runtcl-4] Executing : report_power -file JK_ff_power_routed.rpt -pb JK_ff_power_summary_routed.pb -rpx JK_ff_power_routed.rpx
Command: report_power -file JK_ff_power_routed.rpt -pb JK_ff_power_summary_routed.pb -rpx JK_ff_power_routed.rpx
WARNING: [Power 33-232] No user defined clocks were found in the design!
Resolution: Please specify clocks using create_clock/create_generated_clock for sequential elements. For pure combinatorial circuits, please specify a virtual clock, otherwise the vectorless estimation might be inaccurate
INFO: [Timing 38-35] Done setting XDC timing constraints.
Running Vector-less Activity Propagation...

Finished Running Vector-less Activity Propagation
70 Infos, 2 Warnings, 0 Critical Warnings and 0 Errors encountered.
report_power completed successfully
INFO: [runtcl-4] Executing : report_route_status -file JK_ff_route_status.rpt -pb JK_ff_route_status.pb
INFO: [runtcl-4] Executing : report_timing_summary -max_paths 10 -file JK_ff_timing_summary_routed.rpt -pb JK_ff_timing_summary_routed.pb -rpx JK_ff_timing_summary_routed.rpx -warn_on_violation 
INFO: [Timing 38-91] UpdateTimingParams: Speed grade: -1, Delay Type: min_max.
INFO: [Timing 38-191] Multithreading enabled for timing update using a maximum of 2 CPUs
WARNING: [Timing 38-313] There are no user specified timing constraints. Timing constraints are needed for proper timing analysis.
INFO: [runtcl-4] Executing : report_incremental_reuse -file JK_ff_incremental_reuse_routed.rpt
INFO: [Vivado_Tcl 4-1062] Incremental flow is disabled. No incremental reuse Info to report.
INFO: [runtcl-4] Executing : report_clock_utilization -file JK_ff_clock_utilization_routed.rpt
INFO: [runtcl-4] Executing : report_bus_skew -warn_on_violation -file JK_ff_bus_skew_routed.rpt -pb JK_ff_bus_skew_routed.pb -rpx JK_ff_bus_skew_routed.rpx
INFO: [Timing 38-91] UpdateTimingParams: Speed grade: -1, Delay Type: min_max.
INFO: [Timing 38-191] Multithreading enabled for timing update using a maximum of 2 CPUs
INFO: [Common 17-206] Exiting Vivado at Fri Oct  6 06:47:49 2023...
