
*** Running vivado
    with args -log decoder3_8.vds -m64 -product Vivado -mode batch -messageDb vivado.pb -notrace -source decoder3_8.tcl


****** Vivado v2018.3 (64-bit)
  **** SW Build 2405991 on Thu Dec  6 23:38:27 MST 2018
  **** IP Build 2404404 on Fri Dec  7 01:43:56 MST 2018
    ** Copyright 1986-2018 Xilinx, Inc. All Rights Reserved.

source decoder3_8.tcl -notrace
Command: synth_design -top decoder3_8 -part xc7a35tcpg236-1
Starting synth_design
Attempting to get a license for feature 'Synthesis' and/or device 'xc7a35t'
INFO: [Common 17-349] Got license for feature 'Synthesis' and/or device 'xc7a35t'
INFO: Launching helper process for spawning children vivado processes
INFO: Helper process launched with PID 7140 
---------------------------------------------------------------------------------
Starting RTL Elaboration : Time (s): cpu = 00:00:01 ; elapsed = 00:00:03 . Memory (MB): peak = 362.707 ; gain = 100.934
---------------------------------------------------------------------------------
INFO: [Synth 8-6157] synthesizing module 'decoder3_8' [D:/ENDO/ENDO.srcs/sources_1/new/Decoder.sv:1]
INFO: [Synth 8-226] default block is never used [D:/ENDO/ENDO.srcs/sources_1/new/Decoder.sv:3]
INFO: [Synth 8-6155] done synthesizing module 'decoder3_8' (1#1) [D:/ENDO/ENDO.srcs/sources_1/new/Decoder.sv:1]
---------------------------------------------------------------------------------
Finished RTL Elaboration : Time (s): cpu = 00:00:02 ; elapsed = 00:00:03 . Memory (MB): peak = 418.668 ; gain = 156.895
---------------------------------------------------------------------------------

Report Check Netlist: 
+------+------------------+-------+---------+-------+------------------+
|      |Item              |Errors |Warnings |Status |Description       |
+------+------------------+-------+---------+-------+------------------+
|1     |multi_driven_nets |      0|        0|Passed |Multi driven nets |
+------+------------------+-------+---------+-------+------------------+
---------------------------------------------------------------------------------
Start Handling Custom Attributes
---------------------------------------------------------------------------------
---------------------------------------------------------------------------------
Finished Handling Custom Attributes : Time (s): cpu = 00:00:02 ; elapsed = 00:00:04 . Memory (MB): peak = 418.668 ; gain = 156.895
---------------------------------------------------------------------------------
---------------------------------------------------------------------------------
Finished RTL Optimization Phase 1 : Time (s): cpu = 00:00:02 ; elapsed = 00:00:04 . Memory (MB): peak = 418.668 ; gain = 156.895
---------------------------------------------------------------------------------
INFO: [Device 21-403] Loading part xc7a35tcpg236-1
INFO: [Project 1-570] Preparing netlist for logic optimization

Processing XDC Constraints
Initializing timing engine
Parsing XDC File [D:/ENDO/ENDO.srcs/constrs_1/new/ENCODER.xdc]
WARNING: [Vivado 12-584] No ports matched 'binary_out[2]'. [D:/ENDO/ENDO.srcs/constrs_1/new/ENCODER.xdc:1]
CRITICAL WARNING: [Common 17-55] 'set_property' expects at least one object. [D:/ENDO/ENDO.srcs/constrs_1/new/ENCODER.xdc:1]
Resolution: If [get_<value>] was used to populate the object, check to make sure this command returns at least one valid object.
WARNING: [Vivado 12-584] No ports matched 'binary_out[1]'. [D:/ENDO/ENDO.srcs/constrs_1/new/ENCODER.xdc:2]
CRITICAL WARNING: [Common 17-55] 'set_property' expects at least one object. [D:/ENDO/ENDO.srcs/constrs_1/new/ENCODER.xdc:2]
Resolution: If [get_<value>] was used to populate the object, check to make sure this command returns at least one valid object.
WARNING: [Vivado 12-584] No ports matched 'binary_out[0]'. [D:/ENDO/ENDO.srcs/constrs_1/new/ENCODER.xdc:3]
CRITICAL WARNING: [Common 17-55] 'set_property' expects at least one object. [D:/ENDO/ENDO.srcs/constrs_1/new/ENCODER.xdc:3]
Resolution: If [get_<value>] was used to populate the object, check to make sure this command returns at least one valid object.
WARNING: [Vivado 12-584] No ports matched 'encoder_in[7]'. [D:/ENDO/ENDO.srcs/constrs_1/new/ENCODER.xdc:4]
CRITICAL WARNING: [Common 17-55] 'set_property' expects at least one object. [D:/ENDO/ENDO.srcs/constrs_1/new/ENCODER.xdc:4]
Resolution: If [get_<value>] was used to populate the object, check to make sure this command returns at least one valid object.
WARNING: [Vivado 12-584] No ports matched 'encoder_in[6]'. [D:/ENDO/ENDO.srcs/constrs_1/new/ENCODER.xdc:5]
CRITICAL WARNING: [Common 17-55] 'set_property' expects at least one object. [D:/ENDO/ENDO.srcs/constrs_1/new/ENCODER.xdc:5]
Resolution: If [get_<value>] was used to populate the object, check to make sure this command returns at least one valid object.
WARNING: [Vivado 12-584] No ports matched 'encoder_in[5]'. [D:/ENDO/ENDO.srcs/constrs_1/new/ENCODER.xdc:6]
CRITICAL WARNING: [Common 17-55] 'set_property' expects at least one object. [D:/ENDO/ENDO.srcs/constrs_1/new/ENCODER.xdc:6]
Resolution: If [get_<value>] was used to populate the object, check to make sure this command returns at least one valid object.
WARNING: [Vivado 12-584] No ports matched 'encoder_in[4]'. [D:/ENDO/ENDO.srcs/constrs_1/new/ENCODER.xdc:7]
CRITICAL WARNING: [Common 17-55] 'set_property' expects at least one object. [D:/ENDO/ENDO.srcs/constrs_1/new/ENCODER.xdc:7]
Resolution: If [get_<value>] was used to populate the object, check to make sure this command returns at least one valid object.
WARNING: [Vivado 12-584] No ports matched 'encoder_in[3]'. [D:/ENDO/ENDO.srcs/constrs_1/new/ENCODER.xdc:8]
CRITICAL WARNING: [Common 17-55] 'set_property' expects at least one object. [D:/ENDO/ENDO.srcs/constrs_1/new/ENCODER.xdc:8]
Resolution: If [get_<value>] was used to populate the object, check to make sure this command returns at least one valid object.
WARNING: [Vivado 12-584] No ports matched 'encoder_in[2]'. [D:/ENDO/ENDO.srcs/constrs_1/new/ENCODER.xdc:9]
CRITICAL WARNING: [Common 17-55] 'set_property' expects at least one object. [D:/ENDO/ENDO.srcs/constrs_1/new/ENCODER.xdc:9]
Resolution: If [get_<value>] was used to populate the object, check to make sure this command returns at least one valid object.
WARNING: [Vivado 12-584] No ports matched 'encoder_in[1]'. [D:/ENDO/ENDO.srcs/constrs_1/new/ENCODER.xdc:10]
CRITICAL WARNING: [Common 17-55] 'set_property' expects at least one object. [D:/ENDO/ENDO.srcs/constrs_1/new/ENCODER.xdc:10]
Resolution: If [get_<value>] was used to populate the object, check to make sure this command returns at least one valid object.
WARNING: [Vivado 12-584] No ports matched 'encoder_in[0]'. [D:/ENDO/ENDO.srcs/constrs_1/new/ENCODER.xdc:11]
CRITICAL WARNING: [Common 17-55] 'set_property' expects at least one object. [D:/ENDO/ENDO.srcs/constrs_1/new/ENCODER.xdc:11]
Resolution: If [get_<value>] was used to populate the object, check to make sure this command returns at least one valid object.
WARNING: [Vivado 12-584] No ports matched 'encoder_in[7]'. [D:/ENDO/ENDO.srcs/constrs_1/new/ENCODER.xdc:12]
CRITICAL WARNING: [Common 17-55] 'set_property' expects at least one object. [D:/ENDO/ENDO.srcs/constrs_1/new/ENCODER.xdc:12]
Resolution: If [get_<value>] was used to populate the object, check to make sure this command returns at least one valid object.
WARNING: [Vivado 12-584] No ports matched 'encoder_in[6]'. [D:/ENDO/ENDO.srcs/constrs_1/new/ENCODER.xdc:13]
CRITICAL WARNING: [Common 17-55] 'set_property' expects at least one object. [D:/ENDO/ENDO.srcs/constrs_1/new/ENCODER.xdc:13]
Resolution: If [get_<value>] was used to populate the object, check to make sure this command returns at least one valid object.
WARNING: [Vivado 12-584] No ports matched 'encoder_in[5]'. [D:/ENDO/ENDO.srcs/constrs_1/new/ENCODER.xdc:14]
CRITICAL WARNING: [Common 17-55] 'set_property' expects at least one object. [D:/ENDO/ENDO.srcs/constrs_1/new/ENCODER.xdc:14]
Resolution: If [get_<value>] was used to populate the object, check to make sure this command returns at least one valid object.
WARNING: [Vivado 12-584] No ports matched 'encoder_in[4]'. [D:/ENDO/ENDO.srcs/constrs_1/new/ENCODER.xdc:15]
CRITICAL WARNING: [Common 17-55] 'set_property' expects at least one object. [D:/ENDO/ENDO.srcs/constrs_1/new/ENCODER.xdc:15]
Resolution: If [get_<value>] was used to populate the object, check to make sure this command returns at least one valid object.
WARNING: [Vivado 12-584] No ports matched 'encoder_in[3]'. [D:/ENDO/ENDO.srcs/constrs_1/new/ENCODER.xdc:16]
CRITICAL WARNING: [Common 17-55] 'set_property' expects at least one object. [D:/ENDO/ENDO.srcs/constrs_1/new/ENCODER.xdc:16]
Resolution: If [get_<value>] was used to populate the object, check to make sure this command returns at least one valid object.
WARNING: [Vivado 12-584] No ports matched 'encoder_in[2]'. [D:/ENDO/ENDO.srcs/constrs_1/new/ENCODER.xdc:17]
CRITICAL WARNING: [Common 17-55] 'set_property' expects at least one object. [D:/ENDO/ENDO.srcs/constrs_1/new/ENCODER.xdc:17]
Resolution: If [get_<value>] was used to populate the object, check to make sure this command returns at least one valid object.
WARNING: [Vivado 12-584] No ports matched 'encoder_in[1]'. [D:/ENDO/ENDO.srcs/constrs_1/new/ENCODER.xdc:18]
CRITICAL WARNING: [Common 17-55] 'set_property' expects at least one object. [D:/ENDO/ENDO.srcs/constrs_1/new/ENCODER.xdc:18]
Resolution: If [get_<value>] was used to populate the object, check to make sure this command returns at least one valid object.
WARNING: [Vivado 12-584] No ports matched 'encoder_in[0]'. [D:/ENDO/ENDO.srcs/constrs_1/new/ENCODER.xdc:19]
CRITICAL WARNING: [Common 17-55] 'set_property' expects at least one object. [D:/ENDO/ENDO.srcs/constrs_1/new/ENCODER.xdc:19]
Resolution: If [get_<value>] was used to populate the object, check to make sure this command returns at least one valid object.
Finished Parsing XDC File [D:/ENDO/ENDO.srcs/constrs_1/new/ENCODER.xdc]
Completed Processing XDC Constraints

Netlist sorting complete. Time (s): cpu = 00:00:00 ; elapsed = 00:00:00.001 . Memory (MB): peak = 656.242 ; gain = 0.000
INFO: [Project 1-111] Unisim Transformation Summary:
No Unisim elements were transformed.

Netlist sorting complete. Time (s): cpu = 00:00:00 ; elapsed = 00:00:00 . Memory (MB): peak = 656.242 ; gain = 0.000
WARNING: [Constraints 18-5210] No constraints selected for write.
Resolution: This message can indicate that there are no constraints for the design, or it can indicate that the used_in flags are set such that the constraints are ignored. This later case is used when running synth_design to not write synthesis constraints to the resulting checkpoint. Instead, project constraints are read when the synthesized design is opened.
Constraint Validation Runtime : Time (s): cpu = 00:00:00 ; elapsed = 00:00:00.079 . Memory (MB): peak = 656.570 ; gain = 0.328
---------------------------------------------------------------------------------
Finished Constraint Validation : Time (s): cpu = 00:00:08 ; elapsed = 00:00:12 . Memory (MB): peak = 656.570 ; gain = 394.797
---------------------------------------------------------------------------------
---------------------------------------------------------------------------------
Start Loading Part and Timing Information
---------------------------------------------------------------------------------
Loading part: xc7a35tcpg236-1
---------------------------------------------------------------------------------
Finished Loading Part and Timing Information : Time (s): cpu = 00:00:08 ; elapsed = 00:00:12 . Memory (MB): peak = 656.570 ; gain = 394.797
---------------------------------------------------------------------------------
---------------------------------------------------------------------------------
Start Applying 'set_property' XDC Constraints
---------------------------------------------------------------------------------
---------------------------------------------------------------------------------
Finished applying 'set_property' XDC Constraints : Time (s): cpu = 00:00:08 ; elapsed = 00:00:12 . Memory (MB): peak = 656.570 ; gain = 394.797
---------------------------------------------------------------------------------
---------------------------------------------------------------------------------
Finished RTL Optimization Phase 2 : Time (s): cpu = 00:00:08 ; elapsed = 00:00:12 . Memory (MB): peak = 656.570 ; gain = 394.797
---------------------------------------------------------------------------------

Report RTL Partitions: 
+-+--------------+------------+----------+
| |RTL Partition |Replication |Instances |
+-+--------------+------------+----------+
+-+--------------+------------+----------+
---------------------------------------------------------------------------------
Start RTL Component Statistics 
---------------------------------------------------------------------------------
Detailed RTL Component Info : 
+---Muxes : 
	   8 Input      8 Bit        Muxes := 1     
---------------------------------------------------------------------------------
Finished RTL Component Statistics 
---------------------------------------------------------------------------------
---------------------------------------------------------------------------------
Start RTL Hierarchical Component Statistics 
---------------------------------------------------------------------------------
Hierarchical RTL Component report 
Module decoder3_8 
Detailed RTL Component Info : 
+---Muxes : 
	   8 Input      8 Bit        Muxes := 1     
---------------------------------------------------------------------------------
Finished RTL Hierarchical Component Statistics
---------------------------------------------------------------------------------
---------------------------------------------------------------------------------
Start Part Resource Summary
---------------------------------------------------------------------------------
Part Resources:
DSPs: 90 (col length:60)
BRAMs: 100 (col length: RAMB18 60 RAMB36 30)
---------------------------------------------------------------------------------
Finished Part Resource Summary
---------------------------------------------------------------------------------
---------------------------------------------------------------------------------
Start Cross Boundary and Area Optimization
---------------------------------------------------------------------------------
Warning: Parallel synthesis criteria is not met 
---------------------------------------------------------------------------------
Finished Cross Boundary and Area Optimization : Time (s): cpu = 00:00:09 ; elapsed = 00:00:13 . Memory (MB): peak = 656.570 ; gain = 394.797
---------------------------------------------------------------------------------

Report RTL Partitions: 
+-+--------------+------------+----------+
| |RTL Partition |Replication |Instances |
+-+--------------+------------+----------+
+-+--------------+------------+----------+
---------------------------------------------------------------------------------
Start Applying XDC Timing Constraints
---------------------------------------------------------------------------------
---------------------------------------------------------------------------------
Finished Applying XDC Timing Constraints : Time (s): cpu = 00:00:15 ; elapsed = 00:00:20 . Memory (MB): peak = 737.523 ; gain = 475.750
---------------------------------------------------------------------------------
---------------------------------------------------------------------------------
Start Timing Optimization
---------------------------------------------------------------------------------
---------------------------------------------------------------------------------
Finished Timing Optimization : Time (s): cpu = 00:00:15 ; elapsed = 00:00:20 . Memory (MB): peak = 737.598 ; gain = 475.824
---------------------------------------------------------------------------------

Report RTL Partitions: 
+-+--------------+------------+----------+
| |RTL Partition |Replication |Instances |
+-+--------------+------------+----------+
+-+--------------+------------+----------+
---------------------------------------------------------------------------------
Start Technology Mapping
---------------------------------------------------------------------------------
---------------------------------------------------------------------------------
Finished Technology Mapping : Time (s): cpu = 00:00:15 ; elapsed = 00:00:20 . Memory (MB): peak = 747.164 ; gain = 485.391
---------------------------------------------------------------------------------

Report RTL Partitions: 
+-+--------------+------------+----------+
| |RTL Partition |Replication |Instances |
+-+--------------+------------+----------+
+-+--------------+------------+----------+
---------------------------------------------------------------------------------
Start IO Insertion
---------------------------------------------------------------------------------
---------------------------------------------------------------------------------
Start Flattening Before IO Insertion
---------------------------------------------------------------------------------
---------------------------------------------------------------------------------
Finished Flattening Before IO Insertion
---------------------------------------------------------------------------------
---------------------------------------------------------------------------------
Start Final Netlist Cleanup
---------------------------------------------------------------------------------
---------------------------------------------------------------------------------
Finished Final Netlist Cleanup
---------------------------------------------------------------------------------
---------------------------------------------------------------------------------
Finished IO Insertion : Time (s): cpu = 00:00:16 ; elapsed = 00:00:21 . Memory (MB): peak = 747.164 ; gain = 485.391
---------------------------------------------------------------------------------

Report Check Netlist: 
+------+------------------+-------+---------+-------+------------------+
|      |Item              |Errors |Warnings |Status |Description       |
+------+------------------+-------+---------+-------+------------------+
|1     |multi_driven_nets |      0|        0|Passed |Multi driven nets |
+------+------------------+-------+---------+-------+------------------+
---------------------------------------------------------------------------------
Start Renaming Generated Instances
---------------------------------------------------------------------------------
---------------------------------------------------------------------------------
Finished Renaming Generated Instances : Time (s): cpu = 00:00:16 ; elapsed = 00:00:21 . Memory (MB): peak = 747.164 ; gain = 485.391
---------------------------------------------------------------------------------

Report RTL Partitions: 
+-+--------------+------------+----------+
| |RTL Partition |Replication |Instances |
+-+--------------+------------+----------+
+-+--------------+------------+----------+
---------------------------------------------------------------------------------
Start Rebuilding User Hierarchy
---------------------------------------------------------------------------------
---------------------------------------------------------------------------------
Finished Rebuilding User Hierarchy : Time (s): cpu = 00:00:16 ; elapsed = 00:00:21 . Memory (MB): peak = 747.164 ; gain = 485.391
---------------------------------------------------------------------------------
---------------------------------------------------------------------------------
Start Renaming Generated Ports
---------------------------------------------------------------------------------
---------------------------------------------------------------------------------
Finished Renaming Generated Ports : Time (s): cpu = 00:00:16 ; elapsed = 00:00:21 . Memory (MB): peak = 747.164 ; gain = 485.391
---------------------------------------------------------------------------------
---------------------------------------------------------------------------------
Start Handling Custom Attributes
---------------------------------------------------------------------------------
---------------------------------------------------------------------------------
Finished Handling Custom Attributes : Time (s): cpu = 00:00:16 ; elapsed = 00:00:21 . Memory (MB): peak = 747.164 ; gain = 485.391
---------------------------------------------------------------------------------
---------------------------------------------------------------------------------
Start Renaming Generated Nets
---------------------------------------------------------------------------------
---------------------------------------------------------------------------------
Finished Renaming Generated Nets : Time (s): cpu = 00:00:16 ; elapsed = 00:00:21 . Memory (MB): peak = 747.164 ; gain = 485.391
---------------------------------------------------------------------------------
---------------------------------------------------------------------------------
Start Writing Synthesis Report
---------------------------------------------------------------------------------

Report BlackBoxes: 
+-+--------------+----------+
| |BlackBox name |Instances |
+-+--------------+----------+
+-+--------------+----------+

Report Cell Usage: 
+------+-----+------+
|      |Cell |Count |
+------+-----+------+
|1     |LUT3 |     8|
|2     |IBUF |     3|
|3     |OBUF |     8|
+------+-----+------+

Report Instance Areas: 
+------+---------+-------+------+
|      |Instance |Module |Cells |
+------+---------+-------+------+
|1     |top      |       |    19|
+------+---------+-------+------+
---------------------------------------------------------------------------------
Finished Writing Synthesis Report : Time (s): cpu = 00:00:16 ; elapsed = 00:00:21 . Memory (MB): peak = 747.164 ; gain = 485.391
---------------------------------------------------------------------------------
Synthesis finished with 0 errors, 0 critical warnings and 0 warnings.
Synthesis Optimization Runtime : Time (s): cpu = 00:00:10 ; elapsed = 00:00:15 . Memory (MB): peak = 747.164 ; gain = 247.488
Synthesis Optimization Complete : Time (s): cpu = 00:00:16 ; elapsed = 00:00:21 . Memory (MB): peak = 747.164 ; gain = 485.391
INFO: [Project 1-571] Translating synthesized netlist
INFO: [Project 1-570] Preparing netlist for logic optimization
INFO: [Opt 31-138] Pushed 0 inverter(s) to 0 load pin(s).
Netlist sorting complete. Time (s): cpu = 00:00:00 ; elapsed = 00:00:00 . Memory (MB): peak = 759.121 ; gain = 0.000
INFO: [Project 1-111] Unisim Transformation Summary:
No Unisim elements were transformed.

INFO: [Common 17-83] Releasing license: Synthesis
12 Infos, 20 Warnings, 19 Critical Warnings and 0 Errors encountered.
synth_design completed successfully
synth_design: Time (s): cpu = 00:00:18 ; elapsed = 00:00:24 . Memory (MB): peak = 759.121 ; gain = 505.039
Netlist sorting complete. Time (s): cpu = 00:00:00 ; elapsed = 00:00:00 . Memory (MB): peak = 759.121 ; gain = 0.000
WARNING: [Constraints 18-5210] No constraints selected for write.
Resolution: This message can indicate that there are no constraints for the design, or it can indicate that the used_in flags are set such that the constraints are ignored. This later case is used when running synth_design to not write synthesis constraints to the resulting checkpoint. Instead, project constraints are read when the synthesized design is opened.
INFO: [Common 17-1381] The checkpoint 'D:/ENDO/ENDO.runs/synth_1/decoder3_8.dcp' has been generated.
INFO: [runtcl-4] Executing : report_utilization -file decoder3_8_utilization_synth.rpt -pb decoder3_8_utilization_synth.pb
INFO: [Common 17-206] Exiting Vivado at Tue Sep  5 19:30:11 2023...
